2011-02-07 17:08:58 Warning: Warning (2): Missing argument 2 for CakeLog::write(), called in /Users/dustinchilson/Dropbox/Reid Supply/fwc/app/views/layouts/default.ctp on line 95 and defined in [/Users/dustinchilson/Dropbox/Reid Supply/fwc/cake/libs/cake_log.php, line 211]
2011-02-07 17:09:03 Warning: Warning (2): Missing argument 2 for CakeLog::write(), called in /Users/dustinchilson/Dropbox/Reid Supply/fwc/app/views/layouts/default.ctp on line 95 and defined in [/Users/dustinchilson/Dropbox/Reid Supply/fwc/cake/libs/cake_log.php, line 211]
2011-02-07 17:09:09 Warning: Warning (2): Missing argument 2 for CakeLog::write(), called in /Users/dustinchilson/Dropbox/Reid Supply/fwc/app/views/layouts/default.ctp on line 95 and defined in [/Users/dustinchilson/Dropbox/Reid Supply/fwc/cake/libs/cake_log.php, line 211]
2011-02-07 17:09:24 Warning: Warning (2): Missing argument 2 for CakeLog::write(), called in /Users/dustinchilson/Dropbox/Reid Supply/fwc/app/views/layouts/default.ctp on line 95 and defined in [/Users/dustinchilson/Dropbox/Reid Supply/fwc/cake/libs/cake_log.php, line 211]
2011-02-07 17:09:30 Warning: Warning (2): Missing argument 2 for CakeLog::write(), called in /Users/dustinchilson/Dropbox/Reid Supply/fwc/app/views/layouts/default.ctp on line 95 and defined in [/Users/dustinchilson/Dropbox/Reid Supply/fwc/cake/libs/cake_log.php, line 211]
2011-02-07 17:10:39 Warning: Warning (2): Missing argument 2 for CakeLog::write(), called in /Users/dustinchilson/Dropbox/Reid Supply/fwc/app/views/layouts/default.ctp on line 95 and defined in [/Users/dustinchilson/Dropbox/Reid Supply/fwc/cake/libs/cake_log.php, line 211]
2011-02-07 17:16:26 Warning: Warning (2): ucfirst() expects parameter 1 to be string, array given in [/Users/dustinchilson/Dropbox/Reid Supply/fwc/cake/libs/log/file_log.php, line 71]
2011-02-07 17:26:28 Warning: Warning (2): implode() [<a href='http://php.net/function.implode'>function.implode</a>]: Invalid arguments passed in [/Users/dustinchilson/Dropbox/Reid Supply/fwc/app/views/layouts/default.ctp, line 96]
2011-02-07 17:41:28 Warning: Warning (2): Invalid argument supplied for foreach() in [/Users/dustinchilson/Dropbox/Reid Supply/fwc/app/views/classe/index.ctp, line 14]
2011-02-07 17:41:34 Warning: Warning (2): Invalid argument supplied for foreach() in [/Users/dustinchilson/Dropbox/Reid Supply/fwc/app/views/classe/index.ctp, line 14]
2011-02-07 17:41:34 Warning: Warning (2): Invalid argument supplied for foreach() in [/Users/dustinchilson/Dropbox/Reid Supply/fwc/app/views/classe/index.ctp, line 14]
2011-02-07 17:41:36 Warning: Warning (2): Invalid argument supplied for foreach() in [/Users/dustinchilson/Dropbox/Reid Supply/fwc/app/views/classe/index.ctp, line 14]
2011-02-07 17:41:37 Warning: Warning (2): Invalid argument supplied for foreach() in [/Users/dustinchilson/Dropbox/Reid Supply/fwc/app/views/classe/index.ctp, line 14]
2011-02-07 17:41:38 Warning: Warning (2): Invalid argument supplied for foreach() in [/Users/dustinchilson/Dropbox/Reid Supply/fwc/app/views/classe/index.ctp, line 14]
2011-02-07 17:41:39 Warning: Warning (2): Invalid argument supplied for foreach() in [/Users/dustinchilson/Dropbox/Reid Supply/fwc/app/views/classe/index.ctp, line 14]
2011-02-07 18:08:47 Warning: Warning (512): <span style="color:Red;text-align:left"><b>SQL Error:</b> 1054: Unknown column 'Part.classe_id' in 'on clause'</span> in [/Users/dustinchilson/Dropbox/Reid Supply/fwc/app/models/datasources/dbo_source.php, line 696]
2011-02-07 18:08:47 Warning: Warning (2): Invalid argument supplied for foreach() in [/Users/dustinchilson/Dropbox/Reid Supply/fwc/app/views/part/index.ctp, line 14]
2011-02-07 18:22:18 Warning: Warning (2): Invalid argument supplied for foreach() in [/Users/dustinchilson/Dropbox/Reid Supply/fwc/app/views/classe/view.ctp, line 47]
2011-02-07 18:47:53 Warning: Warning (2): Invalid argument supplied for foreach() in [/Users/dustinchilson/Dropbox/Reid Supply/fwc/app/views/classe/view.ctp, line 47]
2011-02-09 15:22:52 Warning: Warning (2): Invalid argument supplied for foreach() in [/Users/dustinchilson/Dropbox/Reid Supply/fwc/app/views/classe/view.ctp, line 50]
2011-02-09 15:22:55 Warning: Warning (2): Invalid argument supplied for foreach() in [/Users/dustinchilson/Dropbox/Reid Supply/fwc/app/views/classe/view.ctp, line 50]
2011-02-09 15:24:14 Warning: Warning (2): Invalid argument supplied for foreach() in [/Users/dustinchilson/Dropbox/Reid Supply/fwc/app/views/classe/view.ctp, line 50]
2011-02-09 15:24:23 Warning: Warning (2): Invalid argument supplied for foreach() in [/Users/dustinchilson/Dropbox/Reid Supply/fwc/app/views/classe/view.ctp, line 50]
2011-02-09 15:24:47 Warning: Warning (2): Invalid argument supplied for foreach() in [/Users/dustinchilson/Dropbox/Reid Supply/fwc/app/views/classe/view.ctp, line 50]
2011-02-09 15:47:47 Warning: Warning (512): <span style="color:Red;text-align:left"><b>SQL Error:</b> 1054: Unknown column 'Classe.lft' in 'field list'</span> in [/Users/dustinchilson/Dropbox/Reid Supply/fwc/app/models/datasources/dbo_source.php, line 696]
2011-02-09 15:47:47 Warning: Warning (2): Invalid argument supplied for foreach() in [/Users/dustinchilson/Dropbox/Reid Supply/fwc/cake/libs/model/behaviors/tree.php, line 348]
2011-02-09 16:56:19 Warning: Warning (512):  in [/Users/dustinchilson/Dropbox/Reid Supply/fwc/cake/libs/cake_session.php, line 506]
2011-02-09 16:57:36 Warning: Warning (512): <span style="color:Red;text-align:left"><b>SQL Error:</b> 1064: You have an error in your SQL syntax; check the manual that corresponds to your MySQL server version for the right syntax to use near '' at line 1</span> in [/Users/dustinchilson/Dropbox/Reid Supply/fwc/app/models/datasources/dbo_source.php, line 696]
2011-02-09 16:57:36 Warning: Warning (2): Invalid argument supplied for foreach() in [/Users/dustinchilson/Dropbox/Reid Supply/fwc/cake/libs/model/datasources/dbo/dbo_mysql.php, line 127]
2011-02-09 16:57:36 Warning: Warning (2): array_keys() expects parameter 1 to be array, boolean given in [/Users/dustinchilson/Dropbox/Reid Supply/fwc/app/models/datasources/dbo_source.php, line 1965]
2011-02-09 16:57:36 Warning: Warning (2): array_keys() expects parameter 1 to be array, boolean given in [/Users/dustinchilson/Dropbox/Reid Supply/fwc/app/models/datasources/dbo_source.php, line 1978]
2011-02-09 16:57:36 Warning: Warning (2): array_filter() expects parameter 1 to be array, null given in [/Users/dustinchilson/Dropbox/Reid Supply/fwc/app/models/datasources/dbo_source.php, line 1982]
2011-02-09 16:57:36 Warning: Warning (2): array_values() expects parameter 1 to be array, null given in [/Users/dustinchilson/Dropbox/Reid Supply/fwc/app/models/datasources/dbo_source.php, line 1982]
2011-02-09 16:57:36 Warning: Warning (2): array_unique() expects parameter 1 to be array, null given in [/Users/dustinchilson/Dropbox/Reid Supply/fwc/app/models/datasources/dbo_source.php, line 2064]
2011-02-09 16:57:36 Warning: Warning (2): array_unique() expects parameter 1 to be array, null given in [/Users/dustinchilson/Dropbox/Reid Supply/fwc/app/models/datasources/dbo_source.php, line 1256]
2011-02-09 16:57:36 Warning: Warning (2): implode() [<a href='http://php.net/function.implode'>function.implode</a>]: Invalid arguments passed in [/Users/dustinchilson/Dropbox/Reid Supply/fwc/app/models/datasources/dbo_source.php, line 1475]
2011-02-09 16:57:36 Warning: Warning (512): <span style="color:Red;text-align:left"><b>SQL Error:</b> 1064: You have an error in your SQL syntax; check the manual that corresponds to your MySQL server version for the right syntax to use near 'FROM  AS `Session`   WHERE `id` = 'b45a3682993b8a320f183973f9a68192'    LIMIT 1' at line 1</span> in [/Users/dustinchilson/Dropbox/Reid Supply/fwc/app/models/datasources/dbo_source.php, line 696]
2011-02-09 16:57:36 Warning: Warning (512): <span style="color:Red;text-align:left"><b>SQL Error:</b> 1064: You have an error in your SQL syntax; check the manual that corresponds to your MySQL server version for the right syntax to use near 'AS `Session`   WHERE `Session`.`id` = 'b45a3682993b8a320f183973f9a68192'' at line 1</span> in [/Users/dustinchilson/Dropbox/Reid Supply/fwc/app/models/datasources/dbo_source.php, line 696]
2011-02-09 16:58:20 Warning: Warning (512): <span style="color:Red;text-align:left"><b>SQL Error:</b> 1054: Unknown column 'Session.expires' in 'where clause'</span> in [/Users/dustinchilson/Dropbox/Reid Supply/fwc/app/models/datasources/dbo_source.php, line 696]
2011-02-14 19:43:32 Warning: Warning (512): <span style="color:Red;text-align:left"><b>SQL Error:</b> 1054: Unknown column 'Classe.superClass.parent_id' in 'on clause'</span> in [/Users/dustinchilson/Dropbox/Reid Supply/fwc/app/models/datasources/dbo_source.php, line 696]
2011-02-14 20:17:51 Warning: Warning (512): <span style="color:Red;text-align:left"><b>SQL Error:</b> 1064: You have an error in your SQL syntax; check the manual that corresponds to your MySQL server version for the right syntax to use near '.`desc`
            FROM `classes` AS `Classe` 
            LEFT JOIN `classes` ' at line 5</span> in [/Users/dustinchilson/Dropbox/Reid Supply/fwc/app/models/datasources/dbo_source.php, line 696]
2011-02-18 16:07:09 Warning: Warning (512): <span style="color:Red;text-align:left"><b>SQL Error:</b> 1054: Unknown column 'favicon.ico' in 'where clause'</span> in [/Users/dustinchilson/Dropbox/Reid Supply/fwc/app/models/datasources/dbo_source.php, line 696]
2011-02-18 16:07:10 Warning: Warning (512): <span style="color:Red;text-align:left"><b>SQL Error:</b> 1054: Unknown column 'favicon.ico' in 'where clause'</span> in [/Users/dustinchilson/Dropbox/Reid Supply/fwc/app/models/datasources/dbo_source.php, line 696]
2011-02-18 16:07:11 Warning: Warning (512): <span style="color:Red;text-align:left"><b>SQL Error:</b> 1054: Unknown column 'favicon.ico' in 'where clause'</span> in [/Users/dustinchilson/Dropbox/Reid Supply/fwc/app/models/datasources/dbo_source.php, line 696]
2011-02-18 16:07:12 Warning: Warning (512): <span style="color:Red;text-align:left"><b>SQL Error:</b> 1054: Unknown column 'favicon.ico' in 'where clause'</span> in [/Users/dustinchilson/Dropbox/Reid Supply/fwc/app/models/datasources/dbo_source.php, line 696]
2011-02-21 15:38:49 Warning: Warning (512): <span style="color:Red;text-align:left"><b>SQL Error:</b> 1054: Unknown column 'favicon.ico' in 'where clause'</span> in [/Users/dustinchilson/Dropbox/Reid Supply/fwc/app/models/datasources/dbo_source.php, line 696]
2011-02-21 15:38:51 Warning: Warning (512): <span style="color:Red;text-align:left"><b>SQL Error:</b> 1054: Unknown column 'favicon.ico' in 'where clause'</span> in [/Users/dustinchilson/Dropbox/Reid Supply/fwc/app/models/datasources/dbo_source.php, line 696]
2011-02-21 15:38:51 Warning: Warning (512): <span style="color:Red;text-align:left"><b>SQL Error:</b> 1054: Unknown column 'favicon.ico' in 'where clause'</span> in [/Users/dustinchilson/Dropbox/Reid Supply/fwc/app/models/datasources/dbo_source.php, line 696]
2011-02-21 18:17:21 Warning: Warning (2): Invalid argument supplied for foreach() in [/Users/dustinchilson/Dropbox/Reid Supply/fwc/app/views/uploads/index.ctp, line 18]
2011-02-21 18:26:23 Warning: Warning (2): preg_match() expects parameter 2 to be string, array given in [/Users/dustinchilson/Dropbox/Reid Supply/fwc/cake/libs/validation.php, line 946]
2011-02-21 18:27:29 Warning: Warning (2): preg_match() expects parameter 2 to be string, array given in [/Users/dustinchilson/Dropbox/Reid Supply/fwc/cake/libs/validation.php, line 946]
2011-02-21 18:27:34 Warning: Warning (2): preg_match() expects parameter 2 to be string, array given in [/Users/dustinchilson/Dropbox/Reid Supply/fwc/cake/libs/validation.php, line 946]
2011-02-21 18:28:10 Warning: Warning (2): move_uploaded_file(/Users/dustinchilson/Dropbox/Reid Supply/fwc/app/webroot/media/transfer/img/water_lilies.jpg) [<a href='http://php.net/function.move-uploaded-file'>function.move-uploaded-file</a>]: failed to open stream: Permission denied in [/Users/dustinchilson/Dropbox/Reid Supply/fwc/app/plugins/media/models/behaviors/transfer.php, line 438]
2011-02-21 18:28:10 Warning: Warning (2): move_uploaded_file() [<a href='http://php.net/function.move-uploaded-file'>function.move-uploaded-file</a>]: Unable to move '/Applications/XAMPP/xamppfiles/temp/phpiJTUi0' to '/Users/dustinchilson/Dropbox/Reid Supply/fwc/app/webroot/media/transfer/img/water_lilies.jpg' in [/Users/dustinchilson/Dropbox/Reid Supply/fwc/app/plugins/media/models/behaviors/transfer.php, line 438]
2011-02-21 18:30:01 Warning: Warning (2): move_uploaded_file(/Users/dustinchilson/Dropbox/Reid Supply/fwc/app/webroot/media/transfer/img/water_lilies.jpg) [<a href='http://php.net/function.move-uploaded-file'>function.move-uploaded-file</a>]: failed to open stream: Permission denied in [/Users/dustinchilson/Dropbox/Reid Supply/fwc/app/plugins/media/models/behaviors/transfer.php, line 438]
2011-02-21 18:30:01 Warning: Warning (2): move_uploaded_file() [<a href='http://php.net/function.move-uploaded-file'>function.move-uploaded-file</a>]: Unable to move '/Applications/XAMPP/xamppfiles/temp/phpPocAie' to '/Users/dustinchilson/Dropbox/Reid Supply/fwc/app/webroot/media/transfer/img/water_lilies.jpg' in [/Users/dustinchilson/Dropbox/Reid Supply/fwc/app/plugins/media/models/behaviors/transfer.php, line 438]
2011-02-21 18:50:45 Warning: Warning (2): Cannot modify header information - headers already sent by (output started at /Users/dustinchilson/Dropbox/Reid Supply/fwc/cake/libs/debugger.php:673) in [/Users/dustinchilson/Dropbox/Reid Supply/fwc/cake/libs/controller/components/cookie.php, line 381]
2011-02-21 18:50:45 Warning: Warning (2): Cannot modify header information - headers already sent by (output started at /Users/dustinchilson/Dropbox/Reid Supply/fwc/cake/libs/debugger.php:673) in [/Users/dustinchilson/Dropbox/Reid Supply/fwc/cake/libs/controller/components/cookie.php, line 366]
2011-02-21 18:50:56 Warning: Warning (2): Cannot modify header information - headers already sent by (output started at /Users/dustinchilson/Dropbox/Reid Supply/fwc/cake/libs/debugger.php:673) in [/Users/dustinchilson/Dropbox/Reid Supply/fwc/cake/libs/controller/components/cookie.php, line 381]
2011-02-21 18:50:56 Warning: Warning (2): Cannot modify header information - headers already sent by (output started at /Users/dustinchilson/Dropbox/Reid Supply/fwc/cake/libs/debugger.php:673) in [/Users/dustinchilson/Dropbox/Reid Supply/fwc/cake/libs/controller/controller.php, line 746]
2011-02-23 15:54:51 Warning: Warning (512): <span style="color:Red;text-align:left"><b>SQL Error:</b> 1054: Unknown column 'favicon.ico' in 'where clause'</span> in [/Users/dustinchilson/Dropbox/Reid Supply/fwc/app/models/datasources/dbo_source.php, line 696]
2011-02-23 15:54:53 Warning: Warning (512): <span style="color:Red;text-align:left"><b>SQL Error:</b> 1054: Unknown column 'favicon.ico' in 'where clause'</span> in [/Users/dustinchilson/Dropbox/Reid Supply/fwc/app/models/datasources/dbo_source.php, line 696]
2011-02-23 15:54:54 Warning: Warning (512): <span style="color:Red;text-align:left"><b>SQL Error:</b> 1054: Unknown column 'favicon.ico' in 'where clause'</span> in [/Users/dustinchilson/Dropbox/Reid Supply/fwc/app/models/datasources/dbo_source.php, line 696]
2011-02-23 19:53:54 Warning: Warning (512): <span style="color:Red;text-align:left"><b>SQL Error:</b> 1054: Unknown column 'favicon.ico' in 'where clause'</span> in [/Users/dustinchilson/Dropbox/Reid Supply/fwc/app/models/datasources/dbo_source.php, line 696]
2011-02-23 19:53:55 Warning: Warning (512): <span style="color:Red;text-align:left"><b>SQL Error:</b> 1054: Unknown column 'favicon.ico' in 'where clause'</span> in [/Users/dustinchilson/Dropbox/Reid Supply/fwc/app/models/datasources/dbo_source.php, line 696]
2011-02-25 21:37:12 Warning: Warning (2): mysql_connect() [<a href='http://php.net/function.mysql-connect'>function.mysql-connect</a>]: Access denied for user 'test'@'localhost' (using password: YES) in [C:\xampp\htdocs\Dropbox\Reid Supply\fwc\cake\libs\model\datasources\dbo\dbo_mysql.php, line 552]
2011-02-25 21:37:12 Warning: Warning (2): mysql_select_db() expects parameter 2 to be resource, boolean given in [C:\xampp\htdocs\Dropbox\Reid Supply\fwc\cake\libs\model\datasources\dbo\dbo_mysql.php, line 558]
2011-02-25 21:37:12 Warning: Warning (2): mysql_get_server_info() expects parameter 1 to be resource, boolean given in [C:\xampp\htdocs\Dropbox\Reid Supply\fwc\cake\libs\model\datasources\dbo\dbo_mysql.php, line 566]
2011-02-25 21:37:12 Warning: Warning (2): mysql_query() expects parameter 2 to be resource, boolean given in [C:\xampp\htdocs\Dropbox\Reid Supply\fwc\cake\libs\model\datasources\dbo\dbo_mysql.php, line 600]
2011-02-25 21:37:13 Warning: Warning (2): mysql_errno() expects parameter 1 to be resource, boolean given in [C:\xampp\htdocs\Dropbox\Reid Supply\fwc\cake\libs\model\datasources\dbo\dbo_mysql.php, line 682]
2011-02-25 21:37:13 Warning: Warning (2): Invalid argument supplied for foreach() in [C:\xampp\htdocs\Dropbox\Reid Supply\fwc\cake\libs\model\datasources\dbo\dbo_mysql.php, line 127]
2011-02-25 21:37:13 Warning: Warning (2): array_keys() expects parameter 1 to be array, boolean given in [C:\xampp\htdocs\Dropbox\Reid Supply\fwc\app\models\datasources\dbo_source.php, line 1965]
2011-02-25 21:37:13 Warning: Warning (2): array_keys() expects parameter 1 to be array, boolean given in [C:\xampp\htdocs\Dropbox\Reid Supply\fwc\app\models\datasources\dbo_source.php, line 1978]
2011-02-25 21:37:13 Warning: Warning (2): array_filter() expects parameter 1 to be array, null given in [C:\xampp\htdocs\Dropbox\Reid Supply\fwc\app\models\datasources\dbo_source.php, line 1982]
2011-02-25 21:37:13 Warning: Warning (2): array_values() expects parameter 1 to be array, null given in [C:\xampp\htdocs\Dropbox\Reid Supply\fwc\app\models\datasources\dbo_source.php, line 1982]
2011-02-25 21:37:13 Warning: Warning (2): array_unique() expects parameter 1 to be array, null given in [C:\xampp\htdocs\Dropbox\Reid Supply\fwc\app\models\datasources\dbo_source.php, line 2064]
2011-02-25 21:37:13 Warning: Warning (2): array_unique() expects parameter 1 to be array, null given in [C:\xampp\htdocs\Dropbox\Reid Supply\fwc\app\models\datasources\dbo_source.php, line 1256]
2011-02-25 21:37:13 Warning: Warning (2): mysql_real_escape_string() expects parameter 2 to be resource, boolean given in [C:\xampp\htdocs\Dropbox\Reid Supply\fwc\cake\libs\model\datasources\dbo\dbo_mysql.php, line 671]
2011-02-25 21:37:13 Warning: Warning (2): implode() [<a href='http://php.net/function.implode'>function.implode</a>]: Invalid arguments passed in [C:\xampp\htdocs\Dropbox\Reid Supply\fwc\app\models\datasources\dbo_source.php, line 1475]
2011-02-25 21:37:57 Warning: Warning (512): <span style="color:Red;text-align:left"><b>SQL Error:</b> 1054: Unknown column 'favicon.ico' in 'where clause'</span> in [C:\xampp\htdocs\Dropbox\Reid Supply\fwc\app\models\datasources\dbo_source.php, line 696]
2011-02-25 21:37:58 Warning: Warning (512): <span style="color:Red;text-align:left"><b>SQL Error:</b> 1054: Unknown column 'favicon.ico' in 'where clause'</span> in [C:\xampp\htdocs\Dropbox\Reid Supply\fwc\app\models\datasources\dbo_source.php, line 696]
2011-02-28 19:17:07 Warning: Warning (512): <span style="color:Red;text-align:left"><b>SQL Error:</b> 1054: Unknown column 'favicon.ico' in 'where clause'</span> in [C:\xampp\htdocs\Dropbox\Reid Supply\fwc\app\models\datasources\dbo_source.php, line 696]
2011-02-28 19:17:09 Warning: Warning (512): <span style="color:Red;text-align:left"><b>SQL Error:</b> 1054: Unknown column 'favicon.ico' in 'where clause'</span> in [C:\xampp\htdocs\Dropbox\Reid Supply\fwc\app\models\datasources\dbo_source.php, line 696]
2011-02-28 19:17:10 Warning: Warning (512): <span style="color:Red;text-align:left"><b>SQL Error:</b> 1054: Unknown column 'favicon.ico' in 'where clause'</span> in [C:\xampp\htdocs\Dropbox\Reid Supply\fwc\app\models\datasources\dbo_source.php, line 696]
2011-02-28 19:17:11 Warning: Warning (512): <span style="color:Red;text-align:left"><b>SQL Error:</b> 1054: Unknown column 'favicon.ico' in 'where clause'</span> in [C:\xampp\htdocs\Dropbox\Reid Supply\fwc\app\models\datasources\dbo_source.php, line 696]
2011-02-28 20:02:48 Warning: Warning (512): <span style="color:Red;text-align:left"><b>SQL Error:</b> 1054: Unknown column 'favicon.ico' in 'where clause'</span> in [C:\xampp\htdocs\Dropbox\Reid Supply\fwc\app\models\datasources\dbo_source.php, line 696]
2011-02-28 20:47:45 Warning: Warning (512): <span style="color:Red;text-align:left"><b>SQL Error:</b> 1054: Unknown column 'favicon.ico' in 'where clause'</span> in [C:\xampp\htdocs\Dropbox\Reid Supply\fwc\app\models\datasources\dbo_source.php, line 696]
2011-02-28 20:47:45 Warning: Warning (512): <span style="color:Red;text-align:left"><b>SQL Error:</b> 1054: Unknown column 'favicon.ico' in 'where clause'</span> in [C:\xampp\htdocs\Dropbox\Reid Supply\fwc\app\models\datasources\dbo_source.php, line 696]
2011-02-28 20:47:47 Warning: Warning (512): <span style="color:Red;text-align:left"><b>SQL Error:</b> 1054: Unknown column 'favicon.ico' in 'where clause'</span> in [C:\xampp\htdocs\Dropbox\Reid Supply\fwc\app\models\datasources\dbo_source.php, line 696]
2011-02-28 20:47:48 Warning: Warning (512): <span style="color:Red;text-align:left"><b>SQL Error:</b> 1054: Unknown column 'favicon.ico' in 'where clause'</span> in [C:\xampp\htdocs\Dropbox\Reid Supply\fwc\app\models\datasources\dbo_source.php, line 696]
2011-02-28 20:47:48 Warning: Warning (512): <span style="color:Red;text-align:left"><b>SQL Error:</b> 1054: Unknown column 'favicon.ico' in 'where clause'</span> in [C:\xampp\htdocs\Dropbox\Reid Supply\fwc\app\models\datasources\dbo_source.php, line 696]
2011-02-28 20:56:51 Warning: Warning (512): <span style="color:Red;text-align:left"><b>SQL Error:</b> 1054: Unknown column 'fancybox' in 'where clause'</span> in [C:\xampp\htdocs\Dropbox\Reid Supply\fwc\app\models\datasources\dbo_source.php, line 696]
2011-02-28 20:56:51 Warning: Warning (512): <span style="color:Red;text-align:left"><b>SQL Error:</b> 1054: Unknown column 'fancybox' in 'where clause'</span> in [C:\xampp\htdocs\Dropbox\Reid Supply\fwc\app\models\datasources\dbo_source.php, line 696]
2011-02-28 20:56:52 Warning: Warning (512): <span style="color:Red;text-align:left"><b>SQL Error:</b> 1054: Unknown column 'fancybox' in 'where clause'</span> in [C:\xampp\htdocs\Dropbox\Reid Supply\fwc\app\models\datasources\dbo_source.php, line 696]
2011-02-28 20:56:52 Warning: Warning (512): <span style="color:Red;text-align:left"><b>SQL Error:</b> 1054: Unknown column 'fancybox' in 'where clause'</span> in [C:\xampp\htdocs\Dropbox\Reid Supply\fwc\app\models\datasources\dbo_source.php, line 696]
2011-02-28 20:56:53 Warning: Warning (512): <span style="color:Red;text-align:left"><b>SQL Error:</b> 1054: Unknown column 'fancybox' in 'where clause'</span> in [C:\xampp\htdocs\Dropbox\Reid Supply\fwc\app\models\datasources\dbo_source.php, line 696]
2011-02-28 20:56:53 Warning: Warning (512): <span style="color:Red;text-align:left"><b>SQL Error:</b> 1054: Unknown column 'fancybox' in 'where clause'</span> in [C:\xampp\htdocs\Dropbox\Reid Supply\fwc\app\models\datasources\dbo_source.php, line 696]
2011-02-28 20:56:53 Warning: Warning (512): <span style="color:Red;text-align:left"><b>SQL Error:</b> 1054: Unknown column 'fancybox' in 'where clause'</span> in [C:\xampp\htdocs\Dropbox\Reid Supply\fwc\app\models\datasources\dbo_source.php, line 696]
2011-02-28 20:56:54 Warning: Warning (512): <span style="color:Red;text-align:left"><b>SQL Error:</b> 1054: Unknown column 'fancybox' in 'where clause'</span> in [C:\xampp\htdocs\Dropbox\Reid Supply\fwc\app\models\datasources\dbo_source.php, line 696]
2011-02-28 20:56:55 Warning: Warning (512): <span style="color:Red;text-align:left"><b>SQL Error:</b> 1054: Unknown column 'favicon.ico' in 'where clause'</span> in [C:\xampp\htdocs\Dropbox\Reid Supply\fwc\app\models\datasources\dbo_source.php, line 696]
2011-02-28 20:56:57 Warning: Warning (512): <span style="color:Red;text-align:left"><b>SQL Error:</b> 1054: Unknown column 'favicon.ico' in 'where clause'</span> in [C:\xampp\htdocs\Dropbox\Reid Supply\fwc\app\models\datasources\dbo_source.php, line 696]
2011-02-28 22:08:14 Warning: Warning (512): <span style="color:Red;text-align:left"><b>SQL Error:</b> 1054: Unknown column 'fancybox' in 'where clause'</span> in [C:\xampp\htdocs\Dropbox\Reid Supply\fwc\app\models\datasources\dbo_source.php, line 696]
2011-02-28 22:08:14 Warning: Warning (512): <span style="color:Red;text-align:left"><b>SQL Error:</b> 1054: Unknown column 'fancybox' in 'where clause'</span> in [C:\xampp\htdocs\Dropbox\Reid Supply\fwc\app\models\datasources\dbo_source.php, line 696]
2011-02-28 22:08:15 Warning: Warning (512): <span style="color:Red;text-align:left"><b>SQL Error:</b> 1054: Unknown column 'fancybox' in 'where clause'</span> in [C:\xampp\htdocs\Dropbox\Reid Supply\fwc\app\models\datasources\dbo_source.php, line 696]
2011-02-28 22:08:15 Warning: Warning (512): <span style="color:Red;text-align:left"><b>SQL Error:</b> 1054: Unknown column 'fancybox' in 'where clause'</span> in [C:\xampp\htdocs\Dropbox\Reid Supply\fwc\app\models\datasources\dbo_source.php, line 696]
2011-02-28 22:08:16 Warning: Warning (512): <span style="color:Red;text-align:left"><b>SQL Error:</b> 1054: Unknown column 'fancybox' in 'where clause'</span> in [C:\xampp\htdocs\Dropbox\Reid Supply\fwc\app\models\datasources\dbo_source.php, line 696]
2011-02-28 22:08:16 Warning: Warning (512): <span style="color:Red;text-align:left"><b>SQL Error:</b> 1054: Unknown column 'fancybox' in 'where clause'</span> in [C:\xampp\htdocs\Dropbox\Reid Supply\fwc\app\models\datasources\dbo_source.php, line 696]
2011-02-28 22:08:16 Warning: Warning (512): <span style="color:Red;text-align:left"><b>SQL Error:</b> 1054: Unknown column 'fancybox' in 'where clause'</span> in [C:\xampp\htdocs\Dropbox\Reid Supply\fwc\app\models\datasources\dbo_source.php, line 696]
2011-02-28 22:08:17 Warning: Warning (512): <span style="color:Red;text-align:left"><b>SQL Error:</b> 1054: Unknown column 'fancybox' in 'where clause'</span> in [C:\xampp\htdocs\Dropbox\Reid Supply\fwc\app\models\datasources\dbo_source.php, line 696]
2011-02-28 22:13:25 Warning: Warning (512): <span style="color:Red;text-align:left"><b>SQL Error:</b> 1054: Unknown column 'favicon.ico' in 'where clause'</span> in [C:\xampp\htdocs\Dropbox\Reid Supply\fwc\app\models\datasources\dbo_source.php, line 696]
2011-02-28 22:13:28 Warning: Warning (512): <span style="color:Red;text-align:left"><b>SQL Error:</b> 1054: Unknown column 'favicon.ico' in 'where clause'</span> in [C:\xampp\htdocs\Dropbox\Reid Supply\fwc\app\models\datasources\dbo_source.php, line 696]
2011-02-28 22:13:30 Warning: Warning (512): <span style="color:Red;text-align:left"><b>SQL Error:</b> 1054: Unknown column 'favicon.ico' in 'where clause'</span> in [C:\xampp\htdocs\Dropbox\Reid Supply\fwc\app\models\datasources\dbo_source.php, line 696]
2011-02-28 22:13:32 Warning: Warning (512): <span style="color:Red;text-align:left"><b>SQL Error:</b> 1054: Unknown column 'favicon.ico' in 'where clause'</span> in [C:\xampp\htdocs\Dropbox\Reid Supply\fwc\app\models\datasources\dbo_source.php, line 696]
2011-02-28 22:13:38 Warning: Warning (512): <span style="color:Red;text-align:left"><b>SQL Error:</b> 1054: Unknown column 'favicon.ico' in 'where clause'</span> in [C:\xampp\htdocs\Dropbox\Reid Supply\fwc\app\models\datasources\dbo_source.php, line 696]
2011-02-28 22:14:11 Warning: Warning (512): <span style="color:Red;text-align:left"><b>SQL Error:</b> 1054: Unknown column 'favicon.ico' in 'where clause'</span> in [C:\xampp\htdocs\Dropbox\Reid Supply\fwc\app\models\datasources\dbo_source.php, line 696]
2011-02-28 22:15:47 Warning: Warning (512): <span style="color:Red;text-align:left"><b>SQL Error:</b> 1054: Unknown column 'favicon.ico' in 'where clause'</span> in [C:\xampp\htdocs\Dropbox\Reid Supply\fwc\app\models\datasources\dbo_source.php, line 696]
2011-02-28 22:15:49 Warning: Warning (512): <span style="color:Red;text-align:left"><b>SQL Error:</b> 1054: Unknown column 'favicon.ico' in 'where clause'</span> in [C:\xampp\htdocs\Dropbox\Reid Supply\fwc\app\models\datasources\dbo_source.php, line 696]
2011-02-28 22:15:50 Warning: Warning (512): <span style="color:Red;text-align:left"><b>SQL Error:</b> 1054: Unknown column 'favicon.ico' in 'where clause'</span> in [C:\xampp\htdocs\Dropbox\Reid Supply\fwc\app\models\datasources\dbo_source.php, line 696]
2011-02-28 22:15:54 Warning: Warning (512): <span style="color:Red;text-align:left"><b>SQL Error:</b> 1054: Unknown column 'favicon.ico' in 'where clause'</span> in [C:\xampp\htdocs\Dropbox\Reid Supply\fwc\app\models\datasources\dbo_source.php, line 696]
2011-02-28 22:15:55 Warning: Warning (512): <span style="color:Red;text-align:left"><b>SQL Error:</b> 1054: Unknown column 'favicon.ico' in 'where clause'</span> in [C:\xampp\htdocs\Dropbox\Reid Supply\fwc\app\models\datasources\dbo_source.php, line 696]
2011-02-28 22:29:06 Warning: Warning (512): <span style="color:Red;text-align:left"><b>SQL Error:</b> 1054: Unknown column 'favicon.ico' in 'where clause'</span> in [C:\xampp\htdocs\Dropbox\Reid Supply\fwc\app\models\datasources\dbo_source.php, line 696]
2011-02-28 22:29:06 Warning: Warning (512): <span style="color:Red;text-align:left"><b>SQL Error:</b> 1054: Unknown column 'favicon.ico' in 'where clause'</span> in [C:\xampp\htdocs\Dropbox\Reid Supply\fwc\app\models\datasources\dbo_source.php, line 696]
2011-02-28 22:29:09 Warning: Warning (512): <span style="color:Red;text-align:left"><b>SQL Error:</b> 1054: Unknown column 'favicon.ico' in 'where clause'</span> in [C:\xampp\htdocs\Dropbox\Reid Supply\fwc\app\models\datasources\dbo_source.php, line 696]
2011-02-28 22:29:15 Warning: Warning (512): <span style="color:Red;text-align:left"><b>SQL Error:</b> 1054: Unknown column 'favicon.ico' in 'where clause'</span> in [C:\xampp\htdocs\Dropbox\Reid Supply\fwc\app\models\datasources\dbo_source.php, line 696]
2011-02-28 22:29:47 Warning: Warning (512): <span style="color:Red;text-align:left"><b>SQL Error:</b> 1054: Unknown column 'favicon.ico' in 'where clause'</span> in [C:\xampp\htdocs\Dropbox\Reid Supply\fwc\app\models\datasources\dbo_source.php, line 696]
2011-02-28 22:34:44 Warning: Warning (512): <span style="color:Red;text-align:left"><b>SQL Error:</b> 1054: Unknown column 'favicon.ico' in 'where clause'</span> in [C:\xampp\htdocs\Dropbox\Reid Supply\fwc\app\models\datasources\dbo_source.php, line 696]
2011-02-28 22:34:46 Warning: Warning (512): <span style="color:Red;text-align:left"><b>SQL Error:</b> 1054: Unknown column 'favicon.ico' in 'where clause'</span> in [C:\xampp\htdocs\Dropbox\Reid Supply\fwc\app\models\datasources\dbo_source.php, line 696]
2011-02-28 22:34:47 Warning: Warning (512): <span style="color:Red;text-align:left"><b>SQL Error:</b> 1054: Unknown column 'favicon.ico' in 'where clause'</span> in [C:\xampp\htdocs\Dropbox\Reid Supply\fwc\app\models\datasources\dbo_source.php, line 696]
2011-02-28 22:34:47 Warning: Warning (512): <span style="color:Red;text-align:left"><b>SQL Error:</b> 1054: Unknown column 'favicon.ico' in 'where clause'</span> in [C:\xampp\htdocs\Dropbox\Reid Supply\fwc\app\models\datasources\dbo_source.php, line 696]
2011-03-07 17:56:07 Warning: Warning (512): <span style="color:Red;text-align:left"><b>SQL Error:</b> 1064: You have an error in your SQL syntax; check the manual that corresponds to your MySQL server version for the right syntax to use near 'authsomeLogin' at line 1</span> in [C:\xampp\htdocs\Dropbox\Reid Supply\fwc\app\models\datasources\dbo_source.php, line 696]
2011-03-14 18:10:15 Warning: Warning (512): <span style="color:Red;text-align:left"><b>SQL Error:</b> 1064: You have an error in your SQL syntax; check the manual that corresponds to your MySQL server version for the right syntax to use near 'authsomeLogin' at line 1</span> in [C:\xampp\htdocs\Dropbox\Reid Supply\fwc\app\models\datasources\dbo_source.php, line 696]
2011-03-16 18:28:42 Warning: Warning (512): <span style="color:Red;text-align:left"><b>SQL Error:</b> 1054: Unknown column 'favicon.ico' in 'where clause'</span> in [C:\xampp\htdocs\Dropbox\Reid Supply\fwc\app\models\datasources\dbo_source.php, line 696]
2011-03-16 18:28:45 Warning: Warning (512): <span style="color:Red;text-align:left"><b>SQL Error:</b> 1054: Unknown column 'favicon.ico' in 'where clause'</span> in [C:\xampp\htdocs\Dropbox\Reid Supply\fwc\app\models\datasources\dbo_source.php, line 696]
2011-03-25 18:21:13 Warning: Warning (512): <span style="color:Red;text-align:left"><b>SQL Error:</b> 1054: Unknown column 'favicon.ico' in 'where clause'</span> in [C:\xampp\htdocs\Dropbox\Reid Supply\fwc\app\models\datasources\dbo_source.php, line 696]
2011-03-25 18:21:14 Warning: Warning (512): <span style="color:Red;text-align:left"><b>SQL Error:</b> 1054: Unknown column 'favicon.ico' in 'where clause'</span> in [C:\xampp\htdocs\Dropbox\Reid Supply\fwc\app\models\datasources\dbo_source.php, line 696]
